<?xml version="1.0" encoding="UTF-8"?>
<!-- Generated by org.testng.reporters.JUnitXMLReporter -->
<testsuite hostname="SIPL153" name="LoginTest" tests="6" failures="0" timestamp="29 Mar 2024 06:28:59 GMT" time="221.269" errors="0">
  <testcase name="navigateToURL" time="18.353" classname="LoginPage.LoginTest"/>
  <testcase name="loginLite" time="24.958" classname="LoginPage.LoginTest"/>
  <testcase name="navigateToSchedMgmt" time="35.547" classname="ManageVisits.NavigateToManageVisits"/>
  <testcase name="navigateToSM" time="10.299" classname="ManageVisits.NavigateToScheduleManagement"/>
  <testcase name="navigateToADCS" time="33.011" classname="ManageVisits.NavigateToAssignDCS"/>
  <testcase name="assingDCS" time="98.165" classname="SchedulingCalendar.AssignDCS"/>
</testsuite> <!-- LoginTest -->
