<?xml version="1.0" encoding="UTF-8"?>
<!-- Generated by org.testng.reporters.JUnitXMLReporter -->
<testsuite hostname="SIPL153" name="LoginTest" tests="5" failures="0" timestamp="29 Mar 2024 06:33:27 GMT" time="189.475" errors="0">
  <testcase name="navigateToURL" time="22.672" classname="LoginPage.LoginTest"/>
  <testcase name="loginLite" time="25.083" classname="LoginPage.LoginTest"/>
  <testcase name="navigateToSchedMgmt" time="35.845" classname="ManageVisits.NavigateToManageVisits"/>
  <testcase name="navigateToSM" time="9.905" classname="ManageVisits.NavigateToScheduleManagement"/>
  <testcase name="cancelAVisit" time="95.119" classname="ManageVisits.CancelAVisit"/>
</testsuite> <!-- LoginTest -->
