<?xml version="1.0" encoding="UTF-8"?>
<!-- Generated by org.testng.reporters.JUnitXMLReporter -->
<testsuite hostname="SIPL153" name="LoginTest" tests="6" failures="1" timestamp="29 Mar 2024 05:45:32 GMT" time="214.268" errors="0">
  <testcase name="navigateToURL" time="20.255" classname="LoginPage.LoginTest"/>
  <testcase name="loginLite" time="24.886" classname="LoginPage.LoginTest"/>
  <testcase name="navigateToSchedMgmt" time="35.37" classname="ManageVisits.NavigateToManageVisits"/>
  <testcase name="openAddVisitInSchedule" time="76.434" classname="ManageVisits.AddVisitPopUpInSchedMgmt">
    <failure type="java.lang.NullPointerException">
      <![CDATA[java.lang.NullPointerException
	at SchedulingCalendar.AddVisitInSC.addVisitFromSC(AddVisitInSC.java:51)
	at ManageVisits.AddVisitPopUpInSchedMgmt.openAddVisitInSchedule(AddVisitPopUpInSchedMgmt.java:100)
... Removed 24 stack frames]]>
    </failure>
  </testcase> <!-- openAddVisitInSchedule -->
  <testcase name="addVisitFromSC" time="19.81" classname="SchedulingCalendar.AddVisitInSC"/>
  <testcase name="assingDCS" time="36.53" classname="SchedulingCalendar.AssignDCS"/>
</testsuite> <!-- LoginTest -->
