<?xml version="1.0" encoding="UTF-8"?>
<!-- Generated by org.testng.reporters.JUnitXMLReporter -->
<testsuite hostname="SIPL153" name="LoginTest" tests="6" failures="0" timestamp="19 Apr 2024 09:10:06 GMT" time="0.409" errors="0">
  <testcase name="@BeforeSuite launchBrowser" time="0.0" classname="LoginPage.BaseClass">
    <failure type="java.lang.NullPointerException">
      <![CDATA[java.lang.NullPointerException
	at LoginPage.BaseClass.launchBrowser(BaseClass.java:111)
... Removed 18 stack frames]]>
    </failure>
  </testcase> <!-- @BeforeSuite launchBrowser -->
  <testcase name="@BeforeTest allProps" time="0.0" classname="Dcs.CreateDCS">
    <skipped/>
  </testcase> <!-- @BeforeTest allProps -->
  <testcase name="@BeforeTest loginTest" time="0.0" classname="Dcs.CreateDCS">
    <skipped/>
  </testcase> <!-- @BeforeTest loginTest -->
  <testcase name="navigateToURL" time="0.001" classname="LoginPage.LoginTest">
    <skipped/>
  </testcase> <!-- navigateToURL -->
  <testcase name="loginLite" time="0.0" classname="LoginPage.LoginTest">
    <skipped/>
  </testcase> <!-- loginLite -->
  <testcase name="navigateToDcsListing" time="0.0" classname="Dcs.CreateDCS">
    <skipped/>
  </testcase> <!-- navigateToDcsListing -->
  <testcase name="navigateToCreateDCS" time="0.0" classname="Dcs.CreateDCS">
    <skipped/>
  </testcase> <!-- navigateToCreateDCS -->
  <testcase name="createDcs_BasicDetails" time="0.0" classname="Dcs.CreateDCS">
    <skipped/>
  </testcase> <!-- createDcs_BasicDetails -->
  <testcase name="CreateDcs_Employment" time="0.0" classname="Dcs.CreateDCS">
    <skipped/>
  </testcase> <!-- CreateDcs_Employment -->
</testsuite> <!-- LoginTest -->
