<?xml version="1.0" encoding="UTF-8"?>
<!-- Generated by org.testng.reporters.JUnitXMLReporter -->
<testsuite ignored="0" hostname="SIPL153" failures="0" tests="6" name="Test" time="342.269" errors="0" timestamp="2024-06-06T17:19:33 IST">
  <testcase classname="LoginPage.LoginTest" name="navigateToURL" time="22.658"/>
  <testcase classname="LoginPage.LoginTest" name="loginLite" time="26.005"/>
  <testcase classname="PS.HomeFilter" name="navigateToHome" time="0.8"/>
  <testcase classname="PS.HomeFilter" name="filterChange" time="56.559"/>
  <testcase classname="RecurringVisits.NavigateToCreateRecurringVisits" name="naviToCreateRecuVisits" time="123.958"/>
  <testcase classname="RecurringVisits.CreateRecuVisits" name="createRecurrVisits" time="110.328"/>
</testsuite> <!-- Test -->
