<?xml version="1.0" encoding="UTF-8"?>
<!-- Generated by org.testng.reporters.JUnitXMLReporter -->
<testsuite ignored="0" hostname="SIPL153" failures="0" tests="3" name="Test" time="47.772" errors="0" timestamp="2024-06-06T16:26:32 IST">
  <testcase classname="LoginPage.LoginTest" name="navigateToURL" time="21.218"/>
  <testcase classname="LoginPage.LoginTest" name="loginLite" time="25.686"/>
  <testcase classname="PS.MultiplePS_Creation" name="MultiplePS" time="0.013"/>
</testsuite> <!-- Test -->
