<?xml version="1.0" encoding="UTF-8"?>
<!-- Generated by org.testng.reporters.JUnitXMLReporter -->
<testsuite hostname="SIPL153" name="Test" tests="6" failures="0" timestamp="21 Feb 2024 13:22:43 GMT" time="157.763" errors="0">
  <testcase name="navigateToURL" time="17.208" classname="LoginPage.LoginTest"/>
  <testcase name="loginLite" time="22.398" classname="LoginPage.LoginTest"/>
  <testcase name="navigateToDcsListing" time="1.261" classname="Dcs.CreateDcsAvailability"/>
  <testcase name="filterDCS" time="6.822" classname="Dcs.CreateDcsAvailability"/>
  <testcase name="navigateToDcsAvailabilityUpdate" time="2.211" classname="Dcs.CreateDcsAvailabilityUpdate"/>
  <testcase name="CreateDcsUnAvailability" time="107.218" classname="Dcs.CreateDcsUnAvailability"/>
</testsuite> <!-- Test -->
