<?xml version="1.0" encoding="UTF-8"?>
<!-- Generated by org.testng.reporters.JUnitXMLReporter -->
<testsuite hostname="SIPL153" name="LoginTest" tests="5" failures="0" timestamp="9 Feb 2024 05:30:02 GMT" time="47.242" errors="0">
  <testcase name="navigateToURL" time="8.326" classname="LoginPage.LoginTest"/>
  <testcase name="loginLite" time="23.073" classname="LoginPage.LoginTest"/>
  <testcase name="navigateToSchedMgmt" time="10.377" classname="ManageVisits.NavigateToManageVisits"/>
  <testcase name="navigateToSM" time="3.523" classname="ManageVisits.NavigateToScheduleManagement"/>
  <testcase name="SaveChanges" time="0.97" classname="ManageVisits.SaveChangesToAVisit"/>
</testsuite> <!-- LoginTest -->
